0 info it worked if it ends with ok
1 verbose cli [ '/usr/bin/node', '/usr/bin/npm', 'install', 'yarn', '-g' ]
2 info using npm@3.10.10
3 info using node@v6.12.0
4 silly loadCurrentTree Starting
5 silly install loadCurrentTree
6 silly install readGlobalPackageData
7 silly fetchPackageMetaData yarn
8 silly fetchNamedPackageData yarn
9 silly mapToRegistry name yarn
10 silly mapToRegistry using default registry
11 silly mapToRegistry registry https://registry.npmjs.org/
12 silly mapToRegistry data Result {
12 silly mapToRegistry   raw: 'yarn',
12 silly mapToRegistry   scope: null,
12 silly mapToRegistry   escapedName: 'yarn',
12 silly mapToRegistry   name: 'yarn',
12 silly mapToRegistry   rawSpec: '',
12 silly mapToRegistry   spec: 'latest',
12 silly mapToRegistry   type: 'tag' }
13 silly mapToRegistry uri https://registry.npmjs.org/yarn
14 verbose request uri https://registry.npmjs.org/yarn
15 verbose request no auth needed
16 info attempt registry request try #1 at 9:04:47 AM
17 verbose request id b67a062bbd97aa32
18 http request GET https://registry.npmjs.org/yarn
19 http 200 https://registry.npmjs.org/yarn
20 verbose headers { server: 'nginx/1.10.1',
20 verbose headers   'content-type': 'application/json',
20 verbose headers   'last-modified': 'Sun, 19 Nov 2017 03:58:39 GMT',
20 verbose headers   etag: 'W/"5a11016f-33955"',
20 verbose headers   'content-encoding': 'gzip',
20 verbose headers   'cache-control': 'max-age=300',
20 verbose headers   'content-length': '12360',
20 verbose headers   'accept-ranges': 'bytes',
20 verbose headers   date: 'Wed, 22 Nov 2017 14:04:47 GMT',
20 verbose headers   via: '1.1 varnish',
20 verbose headers   age: '190',
20 verbose headers   connection: 'keep-alive',
20 verbose headers   'x-served-by': 'cache-iad2138-IAD',
20 verbose headers   'x-cache': 'HIT',
20 verbose headers   'x-cache-hits': '2',
20 verbose headers   'x-timer': 'S1511359488.970112,VS0,VE0',
20 verbose headers   vary: 'Accept-Encoding, Accept' }
21 silly get cb [ 200,
21 silly get   { server: 'nginx/1.10.1',
21 silly get     'content-type': 'application/json',
21 silly get     'last-modified': 'Sun, 19 Nov 2017 03:58:39 GMT',
21 silly get     etag: 'W/"5a11016f-33955"',
21 silly get     'content-encoding': 'gzip',
21 silly get     'cache-control': 'max-age=300',
21 silly get     'content-length': '12360',
21 silly get     'accept-ranges': 'bytes',
21 silly get     date: 'Wed, 22 Nov 2017 14:04:47 GMT',
21 silly get     via: '1.1 varnish',
21 silly get     age: '190',
21 silly get     connection: 'keep-alive',
21 silly get     'x-served-by': 'cache-iad2138-IAD',
21 silly get     'x-cache': 'HIT',
21 silly get     'x-cache-hits': '2',
21 silly get     'x-timer': 'S1511359488.970112,VS0,VE0',
21 silly get     vary: 'Accept-Encoding, Accept' } ]
22 verbose get saving yarn to /home/dave/.npm/registry.npmjs.org/yarn/.cache.json
23 verbose correctMkdir /home/dave/.npm correctMkdir not in flight; initializing
24 verbose makeDirectory /home/dave/.npm creation not in flight; initializing
25 silly makeDirectory /home/dave/.npm uid: 1000 gid: 1000
26 silly install normalizeTree
27 silly loadCurrentTree Finishing
28 silly loadIdealTree Starting
29 silly install loadIdealTree
30 silly cloneCurrentTree Starting
31 silly install cloneCurrentTreeToIdealTree
32 silly cloneCurrentTree Finishing
33 silly loadShrinkwrap Starting
34 silly install loadShrinkwrap
35 silly loadShrinkwrap Finishing
36 silly loadAllDepsIntoIdealTree Starting
37 silly install loadAllDepsIntoIdealTree
38 silly resolveWithNewModule yarn@1.3.2 checking installable status
39 silly cache add args [ 'yarn', null ]
40 verbose cache add spec yarn
41 silly cache add parsed spec Result {
41 silly cache add   raw: 'yarn',
41 silly cache add   scope: null,
41 silly cache add   escapedName: 'yarn',
41 silly cache add   name: 'yarn',
41 silly cache add   rawSpec: '',
41 silly cache add   spec: 'latest',
41 silly cache add   type: 'tag' }
42 silly addNamed yarn@latest
43 verbose addNamed "latest" is being treated as a dist-tag for yarn
44 info addNameTag [ 'yarn', 'latest' ]
45 silly mapToRegistry name yarn
46 silly mapToRegistry using default registry
47 silly mapToRegistry registry https://registry.npmjs.org/
48 silly mapToRegistry data Result {
48 silly mapToRegistry   raw: 'yarn',
48 silly mapToRegistry   scope: null,
48 silly mapToRegistry   escapedName: 'yarn',
48 silly mapToRegistry   name: 'yarn',
48 silly mapToRegistry   rawSpec: '',
48 silly mapToRegistry   spec: 'latest',
48 silly mapToRegistry   type: 'tag' }
49 silly mapToRegistry uri https://registry.npmjs.org/yarn
50 verbose addNameTag registry:https://registry.npmjs.org/yarn not in flight; fetching
51 verbose get https://registry.npmjs.org/yarn not expired, no request
52 silly addNameTag next cb for yarn with tag latest
53 silly addNamed yarn@1.3.2
54 verbose addNamed "1.3.2" is a plain semver version for yarn
55 warn deprecated yarn@1.3.2: It is recommended to install Yarn using the native installation method for your environment. See https://yarnpkg.com/en/docs/install
56 silly mapToRegistry name yarn
57 silly mapToRegistry using default registry
58 silly mapToRegistry registry https://registry.npmjs.org/
59 silly mapToRegistry data Result {
59 silly mapToRegistry   raw: 'yarn',
59 silly mapToRegistry   scope: null,
59 silly mapToRegistry   escapedName: 'yarn',
59 silly mapToRegistry   name: 'yarn',
59 silly mapToRegistry   rawSpec: '',
59 silly mapToRegistry   spec: 'latest',
59 silly mapToRegistry   type: 'tag' }
60 silly mapToRegistry uri https://registry.npmjs.org/yarn
61 verbose addRemoteTarball https://registry.npmjs.org/yarn/-/yarn-1.3.2.tgz not in flight; adding
62 verbose addRemoteTarball [ 'https://registry.npmjs.org/yarn/-/yarn-1.3.2.tgz',
62 verbose addRemoteTarball   '5939762581b5b4ddcd3418c0f6be42df3aee195f' ]
63 info retry fetch attempt 1 at 9:04:48 AM
64 info attempt registry request try #1 at 9:04:48 AM
65 http fetch GET https://registry.npmjs.org/yarn/-/yarn-1.3.2.tgz
66 http fetch 200 https://registry.npmjs.org/yarn/-/yarn-1.3.2.tgz
67 silly fetchAndShaCheck shasum 5939762581b5b4ddcd3418c0f6be42df3aee195f
68 verbose addTmpTarball /tmp/npm-3742-5eb7f355/registry.npmjs.org/yarn/-/yarn-1.3.2.tgz not in flight; adding
69 verbose addTmpTarball already have metadata; skipping unpack for yarn@1.3.2
70 verbose correctMkdir /home/dave/.npm correctMkdir not in flight; initializing
71 silly cache afterAdd yarn@1.3.2
72 verbose afterAdd /home/dave/.npm/yarn/1.3.2/package/package.json not in flight; writing
73 verbose correctMkdir /home/dave/.npm correctMkdir not in flight; initializing
74 verbose afterAdd /home/dave/.npm/yarn/1.3.2/package/package.json written
75 silly loadAllDepsIntoIdealTree Finishing
76 silly loadIdealTree Finishing
77 silly currentTree lib
78 silly idealTree lib
78 silly idealTree └── yarn@1.3.2
79 silly generateActionsToTake Starting
80 silly install generateActionsToTake
81 warn checkPermissions Missing write access to /usr/lib/node_modules
82 silly rollbackFailedOptional Starting
83 silly rollbackFailedOptional Finishing
84 silly runTopLevelLifecycles Finishing
85 silly install printInstalled
86 verbose stack Error: EACCES: permission denied, access '/usr/lib/node_modules'
86 verbose stack     at Error (native)
87 verbose cwd /home/dave/microversescooters
88 error Linux 4.10.0-40-generic
89 error argv "/usr/bin/node" "/usr/bin/npm" "install" "yarn" "-g"
90 error node v6.12.0
91 error npm  v3.10.10
92 error path /usr/lib/node_modules
93 error code EACCES
94 error errno -13
95 error syscall access
96 error Error: EACCES: permission denied, access '/usr/lib/node_modules'
96 error     at Error (native)
96 error  { Error: EACCES: permission denied, access '/usr/lib/node_modules'
96 error     at Error (native)
96 error   errno: -13,
96 error   code: 'EACCES',
96 error   syscall: 'access',
96 error   path: '/usr/lib/node_modules' }
97 error Please try running this command again as root/Administrator.
98 verbose exit [ -13, true ]
